<?xml version="1.0" encoding="UTF-8"?>
<!-- Generated by org.testng.reporters.JUnitXMLReporter -->
<testsuite ignored="11" hostname="DESKTOP-GFKKN7N" failures="0" tests="2" name="EasyServ" time="0.06" errors="0" timestamp="2023-01-08T19:35:50 ICT">
  <testcase classname="com.easyserv.common.BaseSetup" name="@BeforeTest initializeTestBaseSetup" time="-1.673181350917E9">
    <failure type="org.testng.TestNGException" message="
Parameter &amp;apos;browserType&amp;apos; is required by BeforeTest on method initializeTestBaseSetup but has not been marked @Optional or defined
in C:\Users\admin\AppData\Local\JetBrains\IdeaIC2022.2\temp-testng-customsuite.xml">
      <![CDATA[org.testng.TestNGException: 
Parameter 'browserType' is required by BeforeTest on method initializeTestBaseSetup but has not been marked @Optional or defined
in C:\Users\admin\AppData\Local\JetBrains\IdeaIC2022.2\temp-testng-customsuite.xml
at com.intellij.rt.testng.IDEARemoteTestNG.run(IDEARemoteTestNG.java:66)
at com.intellij.rt.testng.RemoteTestNGStarter.main(RemoteTestNGStarter.java:109)
... Removed 18 stack frames]]>
    </failure>
  </testcase> <!-- @BeforeTest initializeTestBaseSetup -->
  <testcase classname="com.easyserv.testcases.Admin.BookingListTest" name="@BeforeTest setUp" time="0.0">
    <skipped/>
  </testcase> <!-- @BeforeTest setUp -->
  <testcase classname="com.easyserv.common.BaseSetup" name="@AfterMethod takeScreenshot" time="0.0">
    <skipped/>
  </testcase> <!-- @AfterMethod takeScreenshot -->
  <testcase classname="com.easyserv.common.BaseSetup" name="@AfterMethod takeScreenshot" time="0.0">
    <skipped/>
  </testcase> <!-- @AfterMethod takeScreenshot -->
  <testcase classname="com.easyserv.common.BaseSetup" name="@AfterTest tearDown" time="0.0">
    <skipped/>
  </testcase> <!-- @AfterTest tearDown -->
  <testcase classname="com.easyserv.testcases.Admin.BookingListTest" name="BookingListTest_TC004" time="0.0">
    <skipped/>
  </testcase> <!-- BookingListTest_TC004 -->
  <testcase classname="com.easyserv.testcases.Admin.BookingListTest" name="BookingListTest_TC006" time="0.001">
    <skipped/>
  </testcase> <!-- BookingListTest_TC006 -->
  <testcase classname="com.easyserv.testcases.Admin.BookingListTest" name="BookingListTest_TC005" time="0.0">
    <ignored/>
  </testcase> <!-- BookingListTest_TC005 -->
  <testcase classname="com.easyserv.testcases.Admin.BookingListTest" name="BookingListTest_TC008" time="0.0">
    <ignored/>
  </testcase> <!-- BookingListTest_TC008 -->
  <testcase classname="com.easyserv.testcases.Admin.BookingListTest" name="BookingListTest_TC002" time="0.0">
    <ignored/>
  </testcase> <!-- BookingListTest_TC002 -->
  <testcase classname="com.easyserv.testcases.Admin.BookingListTest" name="BookingListTest_TC007_3" time="0.0">
    <ignored/>
  </testcase> <!-- BookingListTest_TC007_3 -->
  <testcase classname="com.easyserv.testcases.Admin.BookingListTest" name="BookingListTest_TC001" time="0.0">
    <ignored/>
  </testcase> <!-- BookingListTest_TC001 -->
  <testcase classname="com.easyserv.testcases.Admin.BookingListTest" name="BookingListTest_TC007_2" time="0.0">
    <ignored/>
  </testcase> <!-- BookingListTest_TC007_2 -->
  <testcase classname="com.easyserv.testcases.Admin.BookingListTest" name="BookingListTest_TC007_1" time="0.0">
    <ignored/>
  </testcase> <!-- BookingListTest_TC007_1 -->
  <testcase classname="com.easyserv.testcases.Admin.BookingListTest" name="BookingListTest_TC003" time="0.0">
    <ignored/>
  </testcase> <!-- BookingListTest_TC003 -->
  <testcase classname="com.easyserv.testcases.Admin.BookingListTest" name="BookingListTest_TC010_1" time="0.0">
    <ignored/>
  </testcase> <!-- BookingListTest_TC010_1 -->
  <testcase classname="com.easyserv.testcases.Admin.BookingListTest" name="BookingListTest_TC009" time="0.0">
    <ignored/>
  </testcase> <!-- BookingListTest_TC009 -->
  <testcase classname="com.easyserv.testcases.Admin.BookingListTest" name="BookingListTest_TC010_2" time="0.0">
    <ignored/>
  </testcase> <!-- BookingListTest_TC010_2 -->
</testsuite> <!-- EasyServ -->
