<?xml version="1.0" encoding="UTF-8"?>
<!-- Generated by org.testng.reporters.JUnitXMLReporter -->
<testsuite ignored="0" hostname="DESKTOP-GFKKN7N" failures="0" tests="11" name="Test_Case_LoginPage" time="27.934" errors="0" timestamp="2022-12-27T22:38:38 ICT">
  <testcase classname="com.easyserv.testcases.Admin.UserAccessTest" name="LoginTest_TC001" time="0.595"/>
  <testcase classname="com.easyserv.testcases.Admin.UserAccessTest" name="LoginTest_TC002" time="2.582"/>
  <testcase classname="com.easyserv.testcases.Admin.UserAccessTest" name="LoginTest_TC003" time="0.698"/>
  <testcase classname="com.easyserv.testcases.Admin.UserAccessTest" name="LoginTest_TC004" time="0.733"/>
  <testcase classname="com.easyserv.testcases.Admin.UserAccessTest" name="LoginTest_TC005" time="2.185"/>
  <testcase classname="com.easyserv.testcases.Admin.UserAccessTest" name="LoginTest_TC006" time="1.478"/>
  <testcase classname="com.easyserv.testcases.Admin.UserAccessTest" name="LoginTest_TC007" time="1.754"/>
  <testcase classname="com.easyserv.testcases.Admin.UserAccessTest" name="LoginTest_TC008" time="1.406"/>
  <testcase classname="com.easyserv.testcases.Admin.UserAccessTest" name="LoginTest_TC009" time="6.482"/>
  <testcase classname="com.easyserv.testcases.Admin.UserAccessTest" name="LoginTest_TC010" time="1.78"/>
  <testcase classname="com.easyserv.testcases.Admin.UserAccessTest" name="LoginTest_TC011" time="1.731"/>
</testsuite> <!-- Test_Case_LoginPage -->
