<?xml version="1.0" encoding="UTF-8"?>
<!-- Generated by org.testng.reporters.JUnitXMLReporter -->
<testsuite ignored="0" hostname="DESKTOP-GFKKN7N" failures="0" tests="3" name="Test_Case_BookingManagement" time="21.596" errors="0" timestamp="2022-12-27T22:51:08 ICT">
  <testcase classname="com.easyserv.testcases.BookingListViewTest" name="BookingListTest_TC001" time="5.48"/>
  <testcase classname="com.easyserv.testcases.BookingListViewTest" name="BookingListTest_TC002" time="4.739"/>
  <testcase classname="com.easyserv.testcases.BookingListViewTest" name="BookingListTest_TC003" time="4.448"/>
</testsuite> <!-- Test_Case_BookingManagement -->
