<?xml version="1.0" encoding="UTF-8"?>
<!-- Generated by org.testng.reporters.JUnitXMLReporter -->
<testsuite ignored="0" hostname="DESKTOP-GFKKN7N" failures="0" tests="13" name="Test_Case_BookingList" time="97.858" errors="0" timestamp="2023-02-02T10:11:33 ICT">
  <testcase classname="com.easyserv.testcases.Admin.BookingListTest" name="BookingListTest_TC001" time="3.391"/>
  <testcase classname="com.easyserv.testcases.Admin.BookingListTest" name="BookingListTest_TC002" time="5.72"/>
  <testcase classname="com.easyserv.testcases.Admin.BookingListTest" name="BookingListTest_TC003" time="6.602"/>
  <testcase classname="com.easyserv.testcases.Admin.BookingListTest" name="BookingListTest_TC004" time="4.117"/>
  <testcase classname="com.easyserv.testcases.Admin.BookingListTest" name="BookingListTest_TC005" time="6.742"/>
  <testcase classname="com.easyserv.testcases.Admin.BookingListTest" name="BookingListTest_TC006" time="8.584"/>
  <testcase classname="com.easyserv.testcases.Admin.BookingListTest" name="BookingListTest_TC007_1" time="8.914"/>
  <testcase classname="com.easyserv.testcases.Admin.BookingListTest" name="BookingListTest_TC007_2" time="6.955"/>
  <testcase classname="com.easyserv.testcases.Admin.BookingListTest" name="BookingListTest_TC007_3" time="14.969"/>
  <testcase classname="com.easyserv.testcases.Admin.BookingListTest" name="BookingListTest_TC008" time="8.742"/>
  <testcase classname="com.easyserv.testcases.Admin.BookingListTest" name="BookingListTest_TC009" time="6.058"/>
  <testcase classname="com.easyserv.testcases.Admin.BookingListTest" name="BookingListTest_TC010_1" time="3.9"/>
  <testcase classname="com.easyserv.testcases.Admin.BookingListTest" name="BookingListTest_TC010_2" time="5.049"/>
</testsuite> <!-- Test_Case_BookingList -->
