<?xml version="1.0" encoding="UTF-8"?>
<!-- Generated by org.testng.reporters.JUnitXMLReporter -->
<testsuite ignored="2" hostname="DESKTOP-GFKKN7N" failures="0" tests="20" name="Test_Suite_BookingManagement" time="2.065" errors="0" timestamp="2023-02-10T09:27:35 ICT">
  <testcase classname="com.easyserv.testcases.Admin.CreateBookingTest" name="@BeforeTest setup" time="0.022">
    <failure type="java.lang.IllegalArgumentException" message="Input must be set">
      <![CDATA[java.lang.IllegalArgumentException: Input must be set
at org.openqa.selenium.internal.Require.nonNull(Require.java:59)
at org.openqa.selenium.support.ui.FluentWait.<init>(FluentWait.java:97)
at org.openqa.selenium.support.ui.WebDriverWait.<init>(WebDriverWait.java:77)
at org.openqa.selenium.support.ui.WebDriverWait.<init>(WebDriverWait.java:46)
at com.easyserv.common.ValidateHelper.<init>(ValidateHelper.java:20)
at com.easyserv.pages.BookingManagement.CreateBookingPage.<init>(CreateBookingPage.java:46)
at com.easyserv.testcases.Admin.CreateBookingTest.setup(CreateBookingTest.java:23)
at com.intellij.rt.testng.IDEARemoteTestNG.run(IDEARemoteTestNG.java:66)
at com.intellij.rt.testng.RemoteTestNGStarter.main(RemoteTestNGStarter.java:109)
... Removed 21 stack frames]]>
    </failure>
  </testcase> <!-- @BeforeTest setup -->
  <testcase classname="com.easyserv.testcases.Admin.BookingListTest" name="@BeforeTest setUp" time="-1.675996054803E9">
    <skipped/>
  </testcase> <!-- @BeforeTest setUp -->
  <testcase classname="com.easyserv.common.BaseSetup" name="@AfterMethod takeScreenshot" time="-1.675996055022E9">
    <skipped/>
  </testcase> <!-- @AfterMethod takeScreenshot -->
  <testcase classname="com.easyserv.common.BaseSetup" name="@AfterMethod takeScreenshot" time="-1.675996055025E9">
    <skipped/>
  </testcase> <!-- @AfterMethod takeScreenshot -->
  <testcase classname="com.easyserv.common.BaseSetup" name="@AfterMethod takeScreenshot" time="-1.675996055027E9">
    <skipped/>
  </testcase> <!-- @AfterMethod takeScreenshot -->
  <testcase classname="com.easyserv.common.BaseSetup" name="@AfterMethod takeScreenshot" time="-1.675996055029E9">
    <skipped/>
  </testcase> <!-- @AfterMethod takeScreenshot -->
  <testcase classname="com.easyserv.common.BaseSetup" name="@AfterMethod takeScreenshot" time="-1.675996055031E9">
    <skipped/>
  </testcase> <!-- @AfterMethod takeScreenshot -->
  <testcase classname="com.easyserv.common.BaseSetup" name="@AfterMethod takeScreenshot" time="-1.675996055032E9">
    <skipped/>
  </testcase> <!-- @AfterMethod takeScreenshot -->
  <testcase classname="com.easyserv.common.BaseSetup" name="@AfterMethod takeScreenshot" time="-1.675996055033E9">
    <skipped/>
  </testcase> <!-- @AfterMethod takeScreenshot -->
  <testcase classname="com.easyserv.common.BaseSetup" name="@AfterMethod takeScreenshot" time="-1.675996055035E9">
    <skipped/>
  </testcase> <!-- @AfterMethod takeScreenshot -->
  <testcase classname="com.easyserv.common.BaseSetup" name="@AfterMethod takeScreenshot" time="-1.675996055036E9">
    <skipped/>
  </testcase> <!-- @AfterMethod takeScreenshot -->
  <testcase classname="com.easyserv.common.BaseSetup" name="@AfterMethod takeScreenshot" time="-1.675996055036E9">
    <skipped/>
  </testcase> <!-- @AfterMethod takeScreenshot -->
  <testcase classname="com.easyserv.common.BaseSetup" name="@AfterMethod takeScreenshot" time="-1.675996055037E9">
    <skipped/>
  </testcase> <!-- @AfterMethod takeScreenshot -->
  <testcase classname="com.easyserv.common.BaseSetup" name="@AfterMethod takeScreenshot" time="-1.675996055038E9">
    <skipped/>
  </testcase> <!-- @AfterMethod takeScreenshot -->
  <testcase classname="com.easyserv.common.BaseSetup" name="@AfterMethod takeScreenshot" time="-1.675996055038E9">
    <skipped/>
  </testcase> <!-- @AfterMethod takeScreenshot -->
  <testcase classname="com.easyserv.common.BaseSetup" name="@AfterMethod takeScreenshot" time="-1.67599605504E9">
    <skipped/>
  </testcase> <!-- @AfterMethod takeScreenshot -->
  <testcase classname="com.easyserv.common.BaseSetup" name="@AfterMethod takeScreenshot" time="-1.675996055041E9">
    <skipped/>
  </testcase> <!-- @AfterMethod takeScreenshot -->
  <testcase classname="com.easyserv.common.BaseSetup" name="@AfterMethod takeScreenshot" time="-1.675996055042E9">
    <skipped/>
  </testcase> <!-- @AfterMethod takeScreenshot -->
  <testcase classname="com.easyserv.common.BaseSetup" name="@AfterMethod takeScreenshot" time="-1.675996055043E9">
    <skipped/>
  </testcase> <!-- @AfterMethod takeScreenshot -->
  <testcase classname="com.easyserv.common.BaseSetup" name="@AfterMethod takeScreenshot" time="-1.675996055046E9">
    <skipped/>
  </testcase> <!-- @AfterMethod takeScreenshot -->
  <testcase classname="com.easyserv.common.BaseSetup" name="@AfterMethod takeScreenshot" time="-1.675996055048E9">
    <skipped/>
  </testcase> <!-- @AfterMethod takeScreenshot -->
  <testcase classname="com.easyserv.common.BaseSetup" name="@AfterMethod takeScreenshot" time="-1.675996055049E9">
    <skipped/>
  </testcase> <!-- @AfterMethod takeScreenshot -->
  <testcase classname="com.easyserv.common.BaseSetup" name="@AfterTest tearDown" time="-1.675996055049E9">
    <skipped/>
  </testcase> <!-- @AfterTest tearDown -->
  <testcase classname="com.easyserv.testcases.Admin.BookingListTest" name="BookingListTest_TC001" time="0.0">
    <skipped/>
  </testcase> <!-- BookingListTest_TC001 -->
  <testcase classname="com.easyserv.testcases.Admin.BookingListTest" name="BookingListTest_TC002" time="0.0">
    <skipped/>
  </testcase> <!-- BookingListTest_TC002 -->
  <testcase classname="com.easyserv.testcases.Admin.BookingListTest" name="BookingListTest_TC003" time="0.0">
    <skipped/>
  </testcase> <!-- BookingListTest_TC003 -->
  <testcase classname="com.easyserv.testcases.Admin.BookingListTest" name="BookingListTest_TC004" time="0.0">
    <skipped/>
  </testcase> <!-- BookingListTest_TC004 -->
  <testcase classname="com.easyserv.testcases.Admin.BookingListTest" name="BookingListTest_TC005" time="0.0">
    <skipped/>
  </testcase> <!-- BookingListTest_TC005 -->
  <testcase classname="com.easyserv.testcases.Admin.BookingListTest" name="BookingListTest_TC006" time="0.0">
    <skipped/>
  </testcase> <!-- BookingListTest_TC006 -->
  <testcase classname="com.easyserv.testcases.Admin.BookingListTest" name="BookingListTest_TC007_1" time="0.0">
    <skipped/>
  </testcase> <!-- BookingListTest_TC007_1 -->
  <testcase classname="com.easyserv.testcases.Admin.BookingListTest" name="BookingListTest_TC007_2" time="0.0">
    <skipped/>
  </testcase> <!-- BookingListTest_TC007_2 -->
  <testcase classname="com.easyserv.testcases.Admin.BookingListTest" name="BookingListTest_TC007_3" time="0.0">
    <skipped/>
  </testcase> <!-- BookingListTest_TC007_3 -->
  <testcase classname="com.easyserv.testcases.Admin.BookingListTest" name="BookingListTest_TC008" time="0.0">
    <skipped/>
  </testcase> <!-- BookingListTest_TC008 -->
  <testcase classname="com.easyserv.testcases.Admin.BookingListTest" name="BookingListTest_TC009" time="0.0">
    <skipped/>
  </testcase> <!-- BookingListTest_TC009 -->
  <testcase classname="com.easyserv.testcases.Admin.BookingListTest" name="BookingListTest_TC010_1" time="0.0">
    <skipped/>
  </testcase> <!-- BookingListTest_TC010_1 -->
  <testcase classname="com.easyserv.testcases.Admin.BookingListTest" name="BookingListTest_TC010_2" time="0.0">
    <skipped/>
  </testcase> <!-- BookingListTest_TC010_2 -->
  <testcase classname="com.easyserv.testcases.Admin.CreateBookingTest" name="CreateBookingTest_TC001" time="0.0">
    <skipped/>
  </testcase> <!-- CreateBookingTest_TC001 -->
  <testcase classname="com.easyserv.testcases.Admin.CreateBookingTest" name="CreateBookingTest_TC002" time="0.0">
    <skipped/>
  </testcase> <!-- CreateBookingTest_TC002 -->
  <testcase classname="com.easyserv.testcases.Admin.CreateBookingTest" name="CreateBookingTest_TC003" time="0.0">
    <skipped/>
  </testcase> <!-- CreateBookingTest_TC003 -->
  <testcase classname="com.easyserv.testcases.Admin.CreateBookingTest" name="CreateBookingTest_TC004" time="0.0">
    <skipped/>
  </testcase> <!-- CreateBookingTest_TC004 -->
  <testcase classname="com.easyserv.testcases.Admin.CreateBookingTest" name="CreateBookingTest_TC005" time="0.0">
    <skipped/>
  </testcase> <!-- CreateBookingTest_TC005 -->
  <testcase classname="com.easyserv.testcases.Admin.CreateBookingTest" name="CreateBookingTest_TC006" time="0.0">
    <skipped/>
  </testcase> <!-- CreateBookingTest_TC006 -->
  <testcase classname="com.easyserv.testcases.Admin.CreateBookingTest" name="AddNewCustomerTest_TC007" time="0.0">
    <skipped/>
  </testcase> <!-- AddNewCustomerTest_TC007 -->
  <testcase classname="com.easyserv.common.BaseSetup" name="@AfterTest tearDown" time="0.0">
    <ignored/>
  </testcase> <!-- @AfterTest tearDown -->
  <testcase classname="com.easyserv.common.BaseSetup" name="@BeforeTest initializeTestBaseSetup" time="0.0">
    <ignored/>
  </testcase> <!-- @BeforeTest initializeTestBaseSetup -->
</testsuite> <!-- Test_Suite_BookingManagement -->
